     !!!!!  10 0.45512E+01-0.53997E-03 0.18520E+04-0.61035E-03
     !!!!!   3 0.37008E+01-0.21170E-01 0.47237E+02-0.10681E-03
     !!!!!   9 0.22909E+01-0.11705E-02 0.85435E+03 0.00000E+00
     !!!!! PLANT POP DID NOT CONVERGE
     !!!!! PLANT POP DID NOT CONVERGE
     !!!!! PLANT POP DID NOT CONVERGE
     !!!!! PLANT POP DID NOT CONVERGE
     !!!!! PLANT POP DID NOT CONVERGE
     !!!!! PLANT POP DID NOT CONVERGE
     !!!!! PLANT POP DID NOT CONVERGE
     !!!!! PLANT POP DID NOT CONVERGE
     !!!!! PLANT POP DID NOT CONVERGE
     !!!!! PLANT POP DID NOT CONVERGE
     !!!!! PLANT POP DID NOT CONVERGE
     !!!!! PLANT POP DID NOT CONVERGE

 -----AVE ANNUAL VALUES(g/ha)

           2, 4-D 4L       
     PAPL    0.000000E+00
     PSRO    0.000000E+00
     PLCH    0.000000E+00
     PSSF    0.000000E+00
     PSED    0.000000E+00
     PDGF    0.000000E+00
     PDGS    0.000000E+00
     PDRN    0.000000E+00
     PRSF    0.000000E+00
     PDPK    0.000000E+00
     PSIN    0.000000E+00

 -----AVE ANNUAL VALUES(g/ha)

           2, 4-D 4L       
     PAPL    0.000000E+00
     PSRO    0.000000E+00
     PLCH    0.000000E+00
     PSSF    0.000000E+00
     PSED    0.000000E+00
     PDGF    0.000000E+00
     PDGS    0.000000E+00
     PDRN    0.000000E+00
     PRSF    0.000000E+00
     PDPK    0.000000E+00
     PSIN    0.000000E+00

 -----AVE ANNUAL VALUES(g/ha)

           2, 4-D 4L       
     PAPL    0.000000E+00
     PSRO    0.000000E+00
     PLCH    0.000000E+00
     PSSF    0.000000E+00
     PSED    0.000000E+00
     PDGF    0.000000E+00
     PDGS    0.000000E+00
     PDRN    0.000000E+00
     PRSF    0.000000E+00
     PDPK    0.000000E+00
     PSIN    0.000000E+00

 -----AVE ANNUAL VALUES(g/ha)

           2, 4-D 4L       
     PAPL    0.000000E+00
     PSRO    0.000000E+00
     PLCH    0.000000E+00
     PSSF    0.000000E+00
     PSED    0.000000E+00
     PDGF    0.000000E+00
     PDGS    0.000000E+00
     PDRN    0.000000E+00
     PRSF    0.000000E+00
     PDPK    0.000000E+00
     PSIN    0.000000E+00

 -----AVE ANNUAL VALUES(g/ha)

 -----PESTICIDE BALANCE(g) 2, 4-D 4L       
     PER = 0.000000E+00  DF  = 0.000000E+00  PAPL= 0.000000E+00  PSRO= 0.000000E+00  PSSF= 0.000000E+00  PSED= 0.000000E+00
     PDGF= 0.000000E+00  PDGS= 0.000000E+00  PRSF= 0.000000E+00  PDPK= 0.000000E+00  PFOL= 0.000000E+00  PGW = 0.000000E+00
     PSOL= 0.000000E+00


           2, 4-D 4L       
     PAPL    0.000000E+00
     PSRO    0.000000E+00
     PLCH    0.000000E+00
     PSSF    0.000000E+00
     PSED    0.000000E+00
     PDRN    0.000000E+00
     PRSF    0.000000E+00
     PDPK    0.000000E+00
     PSIN    0.000000E+00
          BEGINNING TIME: 11:56:19
          ENDING    TIME: 11:56:19
          ----------------------------
          TOTAL RUN TIME:  0: 0: 0
