 Run#  Outlet   VarID   Test_OF Predicted_values-->
    1       1      28    23.782     5.260     4.130     5.260     4.130     6.390     3.860
    2       1      28    42.451     4.360     2.730     4.360     2.730     7.290     2.900
    3       1      28    19.481     5.310     4.610     5.310     4.610     6.820     3.940
    4       1      28     7.955     5.990     5.350     5.990     5.350     5.920     5.180
    5       1      28    14.529     5.680     4.850     5.680     4.850     5.950     4.620
    6       1      28     0.568     6.270     5.980     6.270     5.980     5.730     5.280
    7       1      28     4.140     6.070     5.740     6.070     5.740     6.150     4.540
    8       1      28     9.334     6.030     5.140     6.030     5.140     6.310     4.090
    9       1      28     0.000     6.260     6.060     6.260     6.060     5.730     5.170
   10       1      28     0.000     6.260     6.060     6.260     6.060     5.740     5.170
   11       1      28     6.899     6.550     6.620     6.550     6.620     5.620     5.360
   12       1      28     1.218     6.220     5.950     6.220     5.950     5.910     5.280
   13       1      28     2.922     6.420     6.260     6.420     6.260     6.330     5.210
   14       1      28     0.081     6.270     6.060     6.270     6.060     5.810     4.450
   15       1      28     0.000     6.260     6.060     6.260     6.060     5.740     5.170
   16       1      28     0.000     6.260     6.060     6.260     6.060     5.740     5.170
   17       1      28     3.571     6.530     6.230     6.530     6.230     7.200     5.210
   18       1      28     0.000     6.260     6.060     6.260     6.060     5.740     5.170
   19       1      28     0.000     6.260     6.060     6.260     6.060     5.740     5.170
   20       1      28     0.000     6.260     6.060     6.260     6.060     5.740     5.170
   21       1      28     0.000     6.260     6.060     6.260     6.060     5.740     5.170
