 Run#  Outlet  VarID  PBIAS(%)        R2        NS      MEAN       STD      RMSE        AD  PBIAS(%)        R2        NS      MEAN       STD      RMSE        AD
    1    1        28    23.782     1.000   -33.212     4.695     0.565     1.696     1.465
    2    1        28    42.451     1.000   -94.829     3.545     0.815     2.839     2.615
    3    1        28    19.481     1.000   -20.993     4.960     0.350     1.360     1.200
    4    1        28     7.955     1.000    -6.279     5.670     0.320     0.782     0.610
    5    1        28    14.529     1.000   -14.435     5.265     0.415     1.139     0.895
    6    1        28     0.568     1.000    -1.265     6.125     0.145     0.436     0.435
    7    1        28     4.140     1.000    -2.235     5.905     0.165     0.522     0.455
    8    1        28     9.334     1.000    -9.355     5.585     0.445     0.933     0.735
    9    1        28     0.000     1.000    -0.809     6.160     0.100     0.390     0.390
   10    1        28     0.000     1.000    -0.809     6.160     0.100     0.390     0.390
   11    1        28    -6.899     1.000    -1.921     6.585     0.035     0.496     0.425
   12    1        28     1.218     1.000    -1.215     6.085     0.135     0.432     0.425
   13    1        28    -2.922     1.000    -1.013     6.340     0.080     0.411     0.370
   14    1        28    -0.081     1.000    -0.856     6.165     0.105     0.395     0.395
   15    1        28     0.000     1.000    -0.809     6.160     0.100     0.390     0.390
   16    1        28     0.000     1.000    -0.809     6.160     0.100     0.390     0.390
   17    1        28    -3.571     1.000    -1.878     6.380     0.150     0.492     0.440
   18    1        28     0.000     1.000    -0.809     6.160     0.100     0.390     0.390
   19    1        28     0.000     1.000    -0.809     6.160     0.100     0.390     0.390
   20    1        28     0.000     1.000    -0.809     6.160     0.100     0.390     0.390
   21    1        28     0.000     1.000    -0.809     6.160     0.100     0.390     0.390
